mode: set
api-dvbk-socialNetwork/internal/infraestructure/http/controllers/usersController/usersController.go:25.77,29.2 1 1
api-dvbk-socialNetwork/internal/infraestructure/http/controllers/usersController/usersController.go:32.87,34.16 2 1
api-dvbk-socialNetwork/internal/infraestructure/http/controllers/usersController/usersController.go:39.2,40.59 2 1
api-dvbk-socialNetwork/internal/infraestructure/http/controllers/usersController/usersController.go:45.2,45.111 1 1
api-dvbk-socialNetwork/internal/infraestructure/http/controllers/usersController/usersController.go:50.2,51.16 2 1
api-dvbk-socialNetwork/internal/infraestructure/http/controllers/usersController/usersController.go:56.2,56.49 1 1
api-dvbk-socialNetwork/internal/infraestructure/http/controllers/usersController/usersController.go:34.16,37.3 2 0
api-dvbk-socialNetwork/internal/infraestructure/http/controllers/usersController/usersController.go:40.59,43.3 2 1
api-dvbk-socialNetwork/internal/infraestructure/http/controllers/usersController/usersController.go:45.111,48.3 2 1
api-dvbk-socialNetwork/internal/infraestructure/http/controllers/usersController/usersController.go:51.16,54.3 2 1
api-dvbk-socialNetwork/internal/infraestructure/http/controllers/usersController/usersController.go:60.87,64.16 3 1
api-dvbk-socialNetwork/internal/infraestructure/http/controllers/usersController/usersController.go:69.2,70.16 2 1
api-dvbk-socialNetwork/internal/infraestructure/http/controllers/usersController/usersController.go:75.2,75.30 1 1
api-dvbk-socialNetwork/internal/infraestructure/http/controllers/usersController/usersController.go:80.2,81.16 2 1
api-dvbk-socialNetwork/internal/infraestructure/http/controllers/usersController/usersController.go:86.2,87.59 2 1
api-dvbk-socialNetwork/internal/infraestructure/http/controllers/usersController/usersController.go:92.2,92.112 1 1
api-dvbk-socialNetwork/internal/infraestructure/http/controllers/usersController/usersController.go:97.2,98.16 2 1
api-dvbk-socialNetwork/internal/infraestructure/http/controllers/usersController/usersController.go:103.2,103.45 1 1
api-dvbk-socialNetwork/internal/infraestructure/http/controllers/usersController/usersController.go:64.16,67.3 2 1
api-dvbk-socialNetwork/internal/infraestructure/http/controllers/usersController/usersController.go:70.16,73.3 2 1
api-dvbk-socialNetwork/internal/infraestructure/http/controllers/usersController/usersController.go:75.30,78.3 2 1
api-dvbk-socialNetwork/internal/infraestructure/http/controllers/usersController/usersController.go:81.16,84.3 2 0
api-dvbk-socialNetwork/internal/infraestructure/http/controllers/usersController/usersController.go:87.59,90.3 2 1
api-dvbk-socialNetwork/internal/infraestructure/http/controllers/usersController/usersController.go:92.112,95.3 2 1
api-dvbk-socialNetwork/internal/infraestructure/http/controllers/usersController/usersController.go:98.16,101.3 2 1
api-dvbk-socialNetwork/internal/infraestructure/http/controllers/usersController/usersController.go:107.84,111.16 3 1
api-dvbk-socialNetwork/internal/infraestructure/http/controllers/usersController/usersController.go:116.2,117.16 2 1
api-dvbk-socialNetwork/internal/infraestructure/http/controllers/usersController/usersController.go:122.2,122.46 1 1
api-dvbk-socialNetwork/internal/infraestructure/http/controllers/usersController/usersController.go:111.16,114.3 2 1
api-dvbk-socialNetwork/internal/infraestructure/http/controllers/usersController/usersController.go:117.16,120.3 2 1
api-dvbk-socialNetwork/internal/infraestructure/http/controllers/usersController/usersController.go:126.85,130.16 3 1
api-dvbk-socialNetwork/internal/infraestructure/http/controllers/usersController/usersController.go:135.2,135.47 1 1
api-dvbk-socialNetwork/internal/infraestructure/http/controllers/usersController/usersController.go:130.16,133.3 2 1
api-dvbk-socialNetwork/internal/infraestructure/http/controllers/usersController/usersController.go:138.95,141.16 3 1
api-dvbk-socialNetwork/internal/infraestructure/http/controllers/usersController/usersController.go:146.2,147.16 2 1
api-dvbk-socialNetwork/internal/infraestructure/http/controllers/usersController/usersController.go:152.2,152.34 1 1
api-dvbk-socialNetwork/internal/infraestructure/http/controllers/usersController/usersController.go:157.2,160.16 3 1
api-dvbk-socialNetwork/internal/infraestructure/http/controllers/usersController/usersController.go:165.2,165.63 1 1
api-dvbk-socialNetwork/internal/infraestructure/http/controllers/usersController/usersController.go:170.2,172.84 2 1
api-dvbk-socialNetwork/internal/infraestructure/http/controllers/usersController/usersController.go:177.2,178.16 2 1
api-dvbk-socialNetwork/internal/infraestructure/http/controllers/usersController/usersController.go:183.2,185.108 2 1
api-dvbk-socialNetwork/internal/infraestructure/http/controllers/usersController/usersController.go:190.2,190.62 1 1
api-dvbk-socialNetwork/internal/infraestructure/http/controllers/usersController/usersController.go:141.16,144.3 2 0
api-dvbk-socialNetwork/internal/infraestructure/http/controllers/usersController/usersController.go:147.16,150.3 2 1
api-dvbk-socialNetwork/internal/infraestructure/http/controllers/usersController/usersController.go:152.34,155.3 2 1
api-dvbk-socialNetwork/internal/infraestructure/http/controllers/usersController/usersController.go:160.16,163.3 2 0
api-dvbk-socialNetwork/internal/infraestructure/http/controllers/usersController/usersController.go:165.63,168.3 2 1
api-dvbk-socialNetwork/internal/infraestructure/http/controllers/usersController/usersController.go:172.84,175.3 2 1
api-dvbk-socialNetwork/internal/infraestructure/http/controllers/usersController/usersController.go:178.16,181.3 2 0
api-dvbk-socialNetwork/internal/infraestructure/http/controllers/usersController/usersController.go:185.108,188.3 2 1
api-dvbk-socialNetwork/internal/infraestructure/http/controllers/usersController/usersController.go:194.87,198.16 3 1
api-dvbk-socialNetwork/internal/infraestructure/http/controllers/usersController/usersController.go:203.2,204.16 2 1
api-dvbk-socialNetwork/internal/infraestructure/http/controllers/usersController/usersController.go:209.2,209.30 1 1
api-dvbk-socialNetwork/internal/infraestructure/http/controllers/usersController/usersController.go:214.2,214.69 1 1
api-dvbk-socialNetwork/internal/infraestructure/http/controllers/usersController/usersController.go:219.2,219.45 1 1
api-dvbk-socialNetwork/internal/infraestructure/http/controllers/usersController/usersController.go:198.16,201.3 2 1
api-dvbk-socialNetwork/internal/infraestructure/http/controllers/usersController/usersController.go:204.16,207.3 2 1
api-dvbk-socialNetwork/internal/infraestructure/http/controllers/usersController/usersController.go:209.30,212.3 2 1
api-dvbk-socialNetwork/internal/infraestructure/http/controllers/usersController/usersController.go:214.69,217.3 2 1
api-dvbk-socialNetwork/internal/infraestructure/http/controllers/usersController/usersController.go:223.87,225.16 2 1
api-dvbk-socialNetwork/internal/infraestructure/http/controllers/usersController/usersController.go:230.2,232.16 3 1
api-dvbk-socialNetwork/internal/infraestructure/http/controllers/usersController/usersController.go:237.2,237.30 1 1
api-dvbk-socialNetwork/internal/infraestructure/http/controllers/usersController/usersController.go:242.2,242.78 1 1
api-dvbk-socialNetwork/internal/infraestructure/http/controllers/usersController/usersController.go:247.2,247.62 1 1
api-dvbk-socialNetwork/internal/infraestructure/http/controllers/usersController/usersController.go:225.16,228.3 2 1
api-dvbk-socialNetwork/internal/infraestructure/http/controllers/usersController/usersController.go:232.16,235.3 2 1
api-dvbk-socialNetwork/internal/infraestructure/http/controllers/usersController/usersController.go:237.30,240.3 2 1
api-dvbk-socialNetwork/internal/infraestructure/http/controllers/usersController/usersController.go:242.78,245.3 2 1
api-dvbk-socialNetwork/internal/infraestructure/http/controllers/usersController/usersController.go:250.89,252.16 2 1
api-dvbk-socialNetwork/internal/infraestructure/http/controllers/usersController/usersController.go:257.2,260.16 3 1
api-dvbk-socialNetwork/internal/infraestructure/http/controllers/usersController/usersController.go:265.2,265.30 1 1
api-dvbk-socialNetwork/internal/infraestructure/http/controllers/usersController/usersController.go:270.2,270.80 1 1
api-dvbk-socialNetwork/internal/infraestructure/http/controllers/usersController/usersController.go:275.2,275.62 1 1
api-dvbk-socialNetwork/internal/infraestructure/http/controllers/usersController/usersController.go:252.16,255.3 2 1
api-dvbk-socialNetwork/internal/infraestructure/http/controllers/usersController/usersController.go:260.16,263.3 2 1
api-dvbk-socialNetwork/internal/infraestructure/http/controllers/usersController/usersController.go:265.30,268.3 2 1
api-dvbk-socialNetwork/internal/infraestructure/http/controllers/usersController/usersController.go:270.80,273.3 2 1
api-dvbk-socialNetwork/internal/infraestructure/http/controllers/usersController/usersController.go:278.97,281.16 3 1
api-dvbk-socialNetwork/internal/infraestructure/http/controllers/usersController/usersController.go:286.2,287.16 2 1
api-dvbk-socialNetwork/internal/infraestructure/http/controllers/usersController/usersController.go:292.2,292.51 1 1
api-dvbk-socialNetwork/internal/infraestructure/http/controllers/usersController/usersController.go:281.16,284.3 2 1
api-dvbk-socialNetwork/internal/infraestructure/http/controllers/usersController/usersController.go:287.16,290.3 2 1
api-dvbk-socialNetwork/internal/infraestructure/http/controllers/usersController/usersController.go:296.95,299.16 3 1
api-dvbk-socialNetwork/internal/infraestructure/http/controllers/usersController/usersController.go:304.2,305.16 2 1
api-dvbk-socialNetwork/internal/infraestructure/http/controllers/usersController/usersController.go:310.2,310.51 1 1
api-dvbk-socialNetwork/internal/infraestructure/http/controllers/usersController/usersController.go:299.16,302.3 2 1
api-dvbk-socialNetwork/internal/infraestructure/http/controllers/usersController/usersController.go:305.16,308.3 2 1
